<?xml version="1.0" encoding="UTF-8"?>
<coverage generated="1664741525986" clover="3.2.0">
  <project timestamp="1664741525986" name="All files">
    <metrics statements="7" coveredstatements="7" conditionals="0" coveredconditionals="0" methods="4" coveredmethods="4" elements="11" coveredelements="11" complexity="0" loc="7" ncloc="7" packages="1" files="3" classes="3"/>
    <file name="ActionsButton.vue" path="/Users/restynasimbwa/vue3/job-search-project/src/components/ActionsButton.vue">
      <metrics statements="3" coveredstatements="3" conditionals="0" coveredconditionals="0" methods="2" coveredmethods="2"/>
      <line num="9" count="2" type="stmt"/>
      <line num="21" count="7" type="stmt"/>
      <line num="27" count="2" type="stmt"/>
    </file>
    <file name="ProfileImage.vue" path="/Users/restynasimbwa/vue3/job-search-project/src/components/ProfileImage.vue">
      <metrics statements="2" coveredstatements="2" conditionals="0" coveredconditionals="0" methods="1" coveredmethods="1"/>
      <line num="6" count="2" type="stmt"/>
      <line num="9" count="1" type="stmt"/>
    </file>
    <file name="SubNav.vue" path="/Users/restynasimbwa/vue3/job-search-project/src/components/SubNav.vue">
      <metrics statements="2" coveredstatements="2" conditionals="0" coveredconditionals="0" methods="1" coveredmethods="1"/>
      <line num="22" count="2" type="stmt"/>
      <line num="25" count="2" type="stmt"/>
    </file>
  </project>
</coverage>
