{"/Users/restynasimbwa/vue3/job-search-project/src/components/ActionsButton.vue": {"path":"/Users/restynasimbwa/vue3/job-search-project/src/components/ActionsButton.vue","statementMap":{"0":{"start":{"line":9,"column":16},"end":{"line":9,"column":null}},"1":{"start":{"line":24,"column":6},"end":{"line":24,"column":12}}},"fnMap":{"0":{"name":"(anonymous_0)","decl":{"start":{"line":23,"column":4},"end":{"line":23,"column":16}},"loc":{"start":{"line":23,"column":18},"end":{"line":27,"column":null}}}},"branchMap":{},"s":{"0":2,"1":3},"f":{"0":3},"b":{}}
,"/Users/restynasimbwa/vue3/job-search-project/src/components/ProfileImage.vue": {"path":"/Users/restynasimbwa/vue3/job-search-project/src/components/ProfileImage.vue","statementMap":{"0":{"start":{"line":6,"column":16},"end":{"line":6,"column":null}},"1":{"start":{"line":9,"column":2},"end":{"line":9,"column":8}}},"fnMap":{"0":{"name":"(anonymous_0)","decl":{"start":{"line":8,"column":1},"end":{"line":8,"column":5}},"loc":{"start":{"line":8,"column":7},"end":{"line":12,"column":null}}}},"branchMap":{},"s":{"0":1,"1":1},"f":{"0":1},"b":{}}
}
