{"/Users/restynasimbwa/vue3/job-search-project/src/components/ActionsButton.vue": {"path":"/Users/restynasimbwa/vue3/job-search-project/src/components/ActionsButton.vue","statementMap":{"0":{"start":{"line":10,"column":16},"end":{"line":10,"column":null}}},"fnMap":{},"branchMap":{},"s":{"0":1},"f":{},"b":{}}
,"/Users/restynasimbwa/vue3/job-search-project/src/components/ProfileImage.vue": {"path":"/Users/restynasimbwa/vue3/job-search-project/src/components/ProfileImage.vue","statementMap":{"0":{"start":{"line":6,"column":16},"end":{"line":6,"column":null}},"1":{"start":{"line":9,"column":2},"end":{"line":9,"column":8}}},"fnMap":{"0":{"name":"(anonymous_0)","decl":{"start":{"line":8,"column":1},"end":{"line":8,"column":5}},"loc":{"start":{"line":8,"column":7},"end":{"line":12,"column":null}}}},"branchMap":{},"s":{"0":1,"1":1},"f":{"0":1},"b":{}}
}
